c:\work\rgt\rgt\posmain\dummyposclient\dummyposclinet\x64\debug\vc143.pdb
c:\work\rgt\rgt\posmain\dummyposclient\dummyposclinet\x64\debug\vc143.idb
c:\work\rgt\rgt\posmain\dummyposclient\dummyposclinet\x64\debug\dummyposclinet.obj
c:\work\rgt\rgt\posmain\dummyposclient\dummyposclinet\x64\debug\jsoncpp.obj
c:\work\rgt\rgt\posmain\dummyposclient\dummyposclinet\x64\debug\dummyposclinet.pch
c:\work\rgt\rgt\posmain\dummyposclient\dummyposclinet\x64\debug\pch.obj
c:\work\rgt\rgt\posmain\dummyposclient\dummyposclinet\x64\debug\dummyposclinetdlg.obj
c:\work\rgt\rgt\posmain\dummyposclient\x64\debug\dummyposclinet.exe
c:\work\rgt\rgt\posmain\dummyposclient\x64\debug\dummyposclinet.pdb
c:\work\rgt\rgt\posmain\dummyposclient\dummyposclinet\x64\debug\dummyposclinet.res
c:\work\rgt\rgt\posmain\dummyposclient\dummyposclinet\x64\debug\dummyposclinet.ilk
c:\work\rgt\rgt\posmain\dummyposclient\dummyposclinet\x64\debug\dummyposclinet.tlog\cl.command.1.tlog
c:\work\rgt\rgt\posmain\dummyposclient\dummyposclinet\x64\debug\dummyposclinet.tlog\cl.items.tlog
c:\work\rgt\rgt\posmain\dummyposclient\dummyposclinet\x64\debug\dummyposclinet.tlog\cl.read.1.tlog
c:\work\rgt\rgt\posmain\dummyposclient\dummyposclinet\x64\debug\dummyposclinet.tlog\cl.write.1.tlog
c:\work\rgt\rgt\posmain\dummyposclient\dummyposclinet\x64\debug\dummyposclinet.tlog\link.command.1.tlog
c:\work\rgt\rgt\posmain\dummyposclient\dummyposclinet\x64\debug\dummyposclinet.tlog\link.read.1.tlog
c:\work\rgt\rgt\posmain\dummyposclient\dummyposclinet\x64\debug\dummyposclinet.tlog\link.secondary.1.tlog
c:\work\rgt\rgt\posmain\dummyposclient\dummyposclinet\x64\debug\dummyposclinet.tlog\link.write.1.tlog
c:\work\rgt\rgt\posmain\dummyposclient\dummyposclinet\x64\debug\dummyposclinet.tlog\rc.command.1.tlog
c:\work\rgt\rgt\posmain\dummyposclient\dummyposclinet\x64\debug\dummyposclinet.tlog\rc.read.1.tlog
c:\work\rgt\rgt\posmain\dummyposclient\dummyposclinet\x64\debug\dummyposclinet.tlog\rc.write.1.tlog
