c:\users\aldeb\downloads\rgt\posmain\posservice\posservice\x64\debug\posservice.pch
c:\users\aldeb\downloads\rgt\posmain\posservice\posservice\x64\debug\vc143.pdb
c:\users\aldeb\downloads\rgt\posmain\posservice\posservice\x64\debug\vc143.idb
c:\users\aldeb\downloads\rgt\posmain\posservice\posservice\x64\debug\pch.obj
c:\users\aldeb\downloads\rgt\posmain\posservice\posservice\x64\debug\posservice.obj
c:\users\aldeb\downloads\rgt\posmain\posservice\posservice\x64\debug\jsoncpp.obj
c:\users\aldeb\downloads\rgt\posmain\posservice\x64\debug\posservice.exe
c:\users\aldeb\downloads\rgt\posmain\posservice\x64\debug\posservice.pdb
c:\users\aldeb\downloads\rgt\posmain\posservice\posservice\x64\debug\posservice.ilk
c:\users\aldeb\downloads\rgt\posmain\posservice\posservice\x64\debug\posservice.tlog\cl.command.1.tlog
c:\users\aldeb\downloads\rgt\posmain\posservice\posservice\x64\debug\posservice.tlog\cl.items.tlog
c:\users\aldeb\downloads\rgt\posmain\posservice\posservice\x64\debug\posservice.tlog\cl.read.1.tlog
c:\users\aldeb\downloads\rgt\posmain\posservice\posservice\x64\debug\posservice.tlog\cl.write.1.tlog
c:\users\aldeb\downloads\rgt\posmain\posservice\posservice\x64\debug\posservice.tlog\link.command.1.tlog
c:\users\aldeb\downloads\rgt\posmain\posservice\posservice\x64\debug\posservice.tlog\link.read.1.tlog
c:\users\aldeb\downloads\rgt\posmain\posservice\posservice\x64\debug\posservice.tlog\link.secondary.1.tlog
c:\users\aldeb\downloads\rgt\posmain\posservice\posservice\x64\debug\posservice.tlog\link.write.1.tlog
c:\users\aldeb\downloads\rgt\posmain\posservice\posservice\x64\debug\posservice.tlog\rc.command.1.tlog
c:\users\aldeb\downloads\rgt\posmain\posservice\posservice\x64\debug\posservice.tlog\rc.read.1.tlog
c:\users\aldeb\downloads\rgt\posmain\posservice\posservice\x64\debug\posservice.tlog\rc.write.1.tlog
